<?xml version="1.0" encoding="UTF-8"?>
<!-- Generated by org.testng.reporters.JUnitReportReporter -->
<testsuite skipped="0" hostname="BDC4-D-1SQ7N62" name="TrainingDay1.citytest" tests="1" failures="0" timestamp="07 Feb 2019 11:33:23 GMT" time="39.495" errors="0">
  <testcase name="Abc" time="39.495" classname="TrainingDay1.citytest"/>
</testsuite> <!-- TrainingDay1.citytest -->
