<?xml version="1.0" encoding="UTF-8"?>
<!-- Generated by org.testng.reporters.JUnitReportReporter -->
<testsuite skipped="0" hostname="BDC4-D-1SQ7N62" name="TrainingDay1.datastream" tests="1" failures="0" timestamp="08 Feb 2019 05:21:20 GMT" time="0.952" errors="0">
  <testcase name="testreadExcel" time="0.952" classname="TrainingDay1.datastream"/>
</testsuite> <!-- TrainingDay1.datastream -->
