<?xml version="1.0" encoding="UTF-8"?>
<!-- Generated by org.testng.reporters.JUnitReportReporter -->
<testsuite skipped="0" hostname="BDC4-D-1SQ7N62" name="TrainingDay1.Ajaxtest" tests="1" failures="0" timestamp="07 Feb 2019 10:12:20 GMT" time="26.440" errors="0">
  <testcase name="Abc" time="26.440" classname="TrainingDay1.Ajaxtest"/>
</testsuite> <!-- TrainingDay1.Ajaxtest -->
