<?xml version="1.0" encoding="UTF-8"?>
<!-- Generated by org.testng.reporters.JUnitReportReporter -->
<testsuite skipped="6" hostname="BDC4-D-1SQ7N62" name="TrainingDay1.TestLoginDemoWebShop" tests="8" failures="0" timestamp="08 Feb 2019 10:02:21 GMT" time="20.008" errors="2">
  <testcase name="testDemoWebShopLogin" time="0.000" classname="TrainingDay1.TestLoginDemoWebShop">
    <skipped/>
  </testcase> <!-- testDemoWebShopLogin -->
  <testcase name="beforetest" time="12.176" classname="TrainingDay1.TestLoginDemoWebShop">
    <error type="java.lang.NullPointerException">
      <![CDATA[java.lang.NullPointerException
at TrainingDay1.TestLoginDemoWebShop.beforetest(TestLoginDemoWebShop.java:33)
at sun.reflect.NativeMethodAccessorImpl.invoke0(Native Method)
at sun.reflect.NativeMethodAccessorImpl.invoke(Unknown Source)
at sun.reflect.DelegatingMethodAccessorImpl.invoke(Unknown Source)
at java.lang.reflect.Method.invoke(Unknown Source)
at org.testng.internal.MethodInvocationHelper.invokeMethod(MethodInvocationHelper.java:124)
at org.testng.internal.MethodInvocationHelper.invokeMethodConsideringTimeout(MethodInvocationHelper.java:59)
at org.testng.internal.Invoker.invokeConfigurationMethod(Invoker.java:458)
at org.testng.internal.Invoker.invokeConfigurations(Invoker.java:222)
at org.testng.internal.Invoker.invokeConfigurations(Invoker.java:142)
at org.testng.TestRunner.beforeRun(TestRunner.java:529)
at org.testng.TestRunner.run(TestRunner.java:497)
at org.testng.SuiteRunner.runTest(SuiteRunner.java:455)
at org.testng.SuiteRunner.access$000(SuiteRunner.java:40)
at org.testng.SuiteRunner$SuiteWorker.run(SuiteRunner.java:489)
at org.testng.internal.thread.ThreadUtil$1.call(ThreadUtil.java:52)
at java.util.concurrent.FutureTask.run(Unknown Source)
at java.util.concurrent.ThreadPoolExecutor.runWorker(Unknown Source)
at java.util.concurrent.ThreadPoolExecutor$Worker.run(Unknown Source)
at java.lang.Thread.run(Unknown Source)
]]>
    </error>
  </testcase> <!-- beforetest -->
  <testcase name="testDemoWebShopLogin" time="0.000" classname="TrainingDay1.TestLoginDemoWebShop">
    <skipped/>
  </testcase> <!-- testDemoWebShopLogin -->
  <testcase name="beforetest" time="7.832" classname="TrainingDay1.TestLoginDemoWebShop">
    <error type="java.lang.NullPointerException">
      <![CDATA[java.lang.NullPointerException
at TrainingDay1.TestLoginDemoWebShop.beforetest(TestLoginDemoWebShop.java:33)
at sun.reflect.NativeMethodAccessorImpl.invoke0(Native Method)
at sun.reflect.NativeMethodAccessorImpl.invoke(Unknown Source)
at sun.reflect.DelegatingMethodAccessorImpl.invoke(Unknown Source)
at java.lang.reflect.Method.invoke(Unknown Source)
at org.testng.internal.MethodInvocationHelper.invokeMethod(MethodInvocationHelper.java:124)
at org.testng.internal.MethodInvocationHelper.invokeMethodConsideringTimeout(MethodInvocationHelper.java:59)
at org.testng.internal.Invoker.invokeConfigurationMethod(Invoker.java:458)
at org.testng.internal.Invoker.invokeConfigurations(Invoker.java:222)
at org.testng.internal.Invoker.invokeConfigurations(Invoker.java:142)
at org.testng.TestRunner.beforeRun(TestRunner.java:529)
at org.testng.TestRunner.run(TestRunner.java:497)
at org.testng.SuiteRunner.runTest(SuiteRunner.java:455)
at org.testng.SuiteRunner.access$000(SuiteRunner.java:40)
at org.testng.SuiteRunner$SuiteWorker.run(SuiteRunner.java:489)
at org.testng.internal.thread.ThreadUtil$1.call(ThreadUtil.java:52)
at java.util.concurrent.FutureTask.run(Unknown Source)
at java.util.concurrent.ThreadPoolExecutor.runWorker(Unknown Source)
at java.util.concurrent.ThreadPoolExecutor$Worker.run(Unknown Source)
at java.lang.Thread.run(Unknown Source)
]]>
    </error>
  </testcase> <!-- beforetest -->
  <testcase name="testDemoWebShopLogin" time="0.000" classname="TrainingDay1.TestLoginDemoWebShop">
    <skipped/>
  </testcase> <!-- testDemoWebShopLogin -->
  <testcase name="testDemoWebShopLogin" time="0.000" classname="TrainingDay1.TestLoginDemoWebShop">
    <skipped/>
  </testcase> <!-- testDemoWebShopLogin -->
  <testcase name="testDemoWebShopLogin" time="0.000" classname="TrainingDay1.TestLoginDemoWebShop">
    <skipped/>
  </testcase> <!-- testDemoWebShopLogin -->
  <testcase name="testDemoWebShopLogin" time="0.000" classname="TrainingDay1.TestLoginDemoWebShop">
    <skipped/>
  </testcase> <!-- testDemoWebShopLogin -->
</testsuite> <!-- TrainingDay1.TestLoginDemoWebShop -->
