<?xml version="1.0" encoding="UTF-8"?>
<!-- Generated by org.testng.reporters.JUnitReportReporter -->
<testsuite skipped="0" hostname="BDC4-D-1SQ7N62" name="TrainingDay1.Seltest1" tests="1" failures="0" timestamp="07 Feb 2019 07:34:20 GMT" time="41.706" errors="0">
  <testcase name="Abc" time="41.706" classname="TrainingDay1.Seltest1"/>
</testsuite> <!-- TrainingDay1.Seltest1 -->
